No CUDA runtime is found, using CUDA_HOME='/rdrive/ref/cuda/lin/cuda-12.4'
2024-05-28 22:19:09,988 - root - INFO - running install
/export/users/zhaojiam/pkg/miniconda3/envs/sqllm_xpu/lib/python3.9/site-packages/setuptools/_distutils/cmd.py:66: SetuptoolsDeprecationWarning: setup.py install is deprecated.
!!

        ********************************************************************************
        Please avoid running ``setup.py`` directly.
        Instead, use pypa/build, pypa/installer or other
        standards-based tools.

        See https://blog.ganssle.io/articles/2021/10/setup-py-deprecated.html for details.
        ********************************************************************************

!!
  self.initialize_options()
/export/users/zhaojiam/pkg/miniconda3/envs/sqllm_xpu/lib/python3.9/site-packages/setuptools/_distutils/cmd.py:66: EasyInstallDeprecationWarning: easy_install command is deprecated.
!!

        ********************************************************************************
        Please avoid running ``setup.py`` and ``easy_install``.
        Instead, use pypa/build, pypa/installer or other
        standards-based tools.

        See https://github.com/pypa/setuptools/issues/917 for details.
        ********************************************************************************

!!
  self.initialize_options()
2024-05-28 22:19:10,048 - root - INFO - running bdist_egg
2024-05-28 22:19:10,052 - root - INFO - running egg_info
2024-05-28 22:19:10,053 - root - INFO - writing quant_cuda.egg-info/PKG-INFO
2024-05-28 22:19:10,054 - root - INFO - writing dependency_links to quant_cuda.egg-info/dependency_links.txt
2024-05-28 22:19:10,054 - root - INFO - writing top-level names to quant_cuda.egg-info/top_level.txt
2024-05-28 22:19:10,195 - root - INFO - reading manifest file 'quant_cuda.egg-info/SOURCES.txt'
2024-05-28 22:19:10,199 - root - INFO - writing manifest file 'quant_cuda.egg-info/SOURCES.txt'
2024-05-28 22:19:10,199 - root - INFO - installing library code to build/bdist.linux-x86_64/egg
2024-05-28 22:19:10,200 - root - INFO - running install_lib
2024-05-28 22:19:10,200 - root - INFO - running build_ext
2024-05-28 22:19:10,208 - root - INFO - building 'quant_cuda' extension
Emitting ninja build file /export/users/zhaojiam/proj/SqueezeLLM_dev/squeezellm/build/temp.linux-x86_64-cpython-39/build.ninja...
Compiling objects...
Allowing ninja to set a default number of workers... (overridable by setting the environment variable MAX_JOBS=N)
[1/2] /export/users/zhaojiam/pkg/miniconda3/envs/sqllm_xpu/bin/icpx -MMD -MF /export/users/zhaojiam/proj/SqueezeLLM_dev/squeezellm/build/temp.linux-x86_64-cpython-39/quant_cuda.o.d -pthread -B /export/users/zhaojiam/pkg/miniconda3/envs/sqllm_xpu/compiler_compat -Wno-unused-result -Wsign-compare -DNDEBUG -O2 -Wall -fPIC -O2 -isystem /export/users/zhaojiam/pkg/miniconda3/envs/sqllm_xpu/include -I/export/users/zhaojiam/pkg/miniconda3/envs/sqllm_xpu/include -fPIC -O2 -isystem /export/users/zhaojiam/pkg/miniconda3/envs/sqllm_xpu/include -fPIC -I/export/users/zhaojiam/pkg/miniconda3/envs/sqllm_xpu/lib/python3.9/site-packages/torch/include -I/export/users/zhaojiam/pkg/miniconda3/envs/sqllm_xpu/lib/python3.9/site-packages/torch/include/torch/csrc/api/include -I/export/users/zhaojiam/pkg/miniconda3/envs/sqllm_xpu/lib/python3.9/site-packages/torch/include/TH -I/nfs/shm/proj/icl/cmplrarch/deploy_xmain/xmainefi2linux/20240401_160000/build/linux_qa_release/linux/include -I/nfs/shm/proj/icl/cmplrarch/deploy_xmain/xmainefi2linux/20240401_160000/build/linux_qa_release/linux/include/sycl -I/nfs/shm/proj/icl/cmplrarch/comp/onemkl/lin/20240509_cev_rls/include -I/export/users/zhaojiam/pkg/miniconda3/envs/sqllm_xpu/lib/python3.9/site-packages/intel_extension_for_pytorch/include -I/export/users/zhaojiam/pkg/miniconda3/envs/sqllm_xpu/lib/python3.9/site-packages/torch/include -I/export/users/zhaojiam/pkg/miniconda3/envs/sqllm_xpu/lib/python3.9/site-packages/torch/include/torch/csrc/api/include -I/export/users/zhaojiam/pkg/miniconda3/envs/sqllm_xpu/lib/python3.9/site-packages/torch/include/TH -I/nfs/shm/proj/icl/cmplrarch/deploy_xmain/xmainefi2linux/20240401_160000/build/linux_qa_release/linux/include -I/nfs/shm/proj/icl/cmplrarch/deploy_xmain/xmainefi2linux/20240401_160000/build/linux_qa_release/linux/include/sycl -I/nfs/shm/proj/icl/cmplrarch/comp/onemkl/lin/20240509_cev_rls/include -I/export/users/zhaojiam/pkg/miniconda3/envs/sqllm_xpu/lib/python3.9/site-packages/intel_extension_for_pytorch/include -I/export/users/zhaojiam/pkg/miniconda3/envs/sqllm_xpu/include/python3.9 -c -c /export/users/zhaojiam/proj/SqueezeLLM_dev/squeezellm/quant_cuda.cpp -o /export/users/zhaojiam/proj/SqueezeLLM_dev/squeezellm/build/temp.linux-x86_64-cpython-39/quant_cuda.o -fsycl -DTORCH_API_INCLUDE_EXTENSION_H '-DPYBIND11_COMPILER_TYPE="_gcc"' '-DPYBIND11_STDLIB="_libstdcpp"' '-DPYBIND11_BUILD_ABI="_cxxabi1016"' -DTORCH_EXTENSION_NAME=quant_cuda -D_GLIBCXX_USE_CXX11_ABI=1 -std=c++17
FAILED: /export/users/zhaojiam/proj/SqueezeLLM_dev/squeezellm/build/temp.linux-x86_64-cpython-39/quant_cuda.o 
/export/users/zhaojiam/pkg/miniconda3/envs/sqllm_xpu/bin/icpx -MMD -MF /export/users/zhaojiam/proj/SqueezeLLM_dev/squeezellm/build/temp.linux-x86_64-cpython-39/quant_cuda.o.d -pthread -B /export/users/zhaojiam/pkg/miniconda3/envs/sqllm_xpu/compiler_compat -Wno-unused-result -Wsign-compare -DNDEBUG -O2 -Wall -fPIC -O2 -isystem /export/users/zhaojiam/pkg/miniconda3/envs/sqllm_xpu/include -I/export/users/zhaojiam/pkg/miniconda3/envs/sqllm_xpu/include -fPIC -O2 -isystem /export/users/zhaojiam/pkg/miniconda3/envs/sqllm_xpu/include -fPIC -I/export/users/zhaojiam/pkg/miniconda3/envs/sqllm_xpu/lib/python3.9/site-packages/torch/include -I/export/users/zhaojiam/pkg/miniconda3/envs/sqllm_xpu/lib/python3.9/site-packages/torch/include/torch/csrc/api/include -I/export/users/zhaojiam/pkg/miniconda3/envs/sqllm_xpu/lib/python3.9/site-packages/torch/include/TH -I/nfs/shm/proj/icl/cmplrarch/deploy_xmain/xmainefi2linux/20240401_160000/build/linux_qa_release/linux/include -I/nfs/shm/proj/icl/cmplrarch/deploy_xmain/xmainefi2linux/20240401_160000/build/linux_qa_release/linux/include/sycl -I/nfs/shm/proj/icl/cmplrarch/comp/onemkl/lin/20240509_cev_rls/include -I/export/users/zhaojiam/pkg/miniconda3/envs/sqllm_xpu/lib/python3.9/site-packages/intel_extension_for_pytorch/include -I/export/users/zhaojiam/pkg/miniconda3/envs/sqllm_xpu/lib/python3.9/site-packages/torch/include -I/export/users/zhaojiam/pkg/miniconda3/envs/sqllm_xpu/lib/python3.9/site-packages/torch/include/torch/csrc/api/include -I/export/users/zhaojiam/pkg/miniconda3/envs/sqllm_xpu/lib/python3.9/site-packages/torch/include/TH -I/nfs/shm/proj/icl/cmplrarch/deploy_xmain/xmainefi2linux/20240401_160000/build/linux_qa_release/linux/include -I/nfs/shm/proj/icl/cmplrarch/deploy_xmain/xmainefi2linux/20240401_160000/build/linux_qa_release/linux/include/sycl -I/nfs/shm/proj/icl/cmplrarch/comp/onemkl/lin/20240509_cev_rls/include -I/export/users/zhaojiam/pkg/miniconda3/envs/sqllm_xpu/lib/python3.9/site-packages/intel_extension_for_pytorch/include -I/export/users/zhaojiam/pkg/miniconda3/envs/sqllm_xpu/include/python3.9 -c -c /export/users/zhaojiam/proj/SqueezeLLM_dev/squeezellm/quant_cuda.cpp -o /export/users/zhaojiam/proj/SqueezeLLM_dev/squeezellm/build/temp.linux-x86_64-cpython-39/quant_cuda.o -fsycl -DTORCH_API_INCLUDE_EXTENSION_H '-DPYBIND11_COMPILER_TYPE="_gcc"' '-DPYBIND11_STDLIB="_libstdcpp"' '-DPYBIND11_BUILD_ABI="_cxxabi1016"' -DTORCH_EXTENSION_NAME=quant_cuda -D_GLIBCXX_USE_CXX11_ABI=1 -std=c++17
In file included from /export/users/zhaojiam/proj/SqueezeLLM_dev/squeezellm/quant_cuda.cpp:3:
In file included from /export/users/zhaojiam/pkg/miniconda3/envs/sqllm_xpu/lib/python3.9/site-packages/torch/include/c10/cuda/CUDAGuard.h:6:
/export/users/zhaojiam/pkg/miniconda3/envs/sqllm_xpu/lib/python3.9/site-packages/torch/include/c10/cuda/CUDAMacros.h:8:10: fatal error: 'c10/cuda/impl/cuda_cmake_macros.h' file not found
    8 | #include <c10/cuda/impl/cuda_cmake_macros.h>
      |          ^~~~~~~~~~~~~~~~~~~~~~~~~~~~~~~~~~~
1 error generated.
[2/2] /export/users/zhaojiam/pkg/miniconda3/envs/sqllm_xpu/bin/icpx -MMD -MF /export/users/zhaojiam/proj/SqueezeLLM_dev/squeezellm/build/temp.linux-x86_64-cpython-39/quant_cuda_kernel.dp.o.d -pthread -B /export/users/zhaojiam/pkg/miniconda3/envs/sqllm_xpu/compiler_compat -Wno-unused-result -Wsign-compare -DNDEBUG -O2 -Wall -fPIC -O2 -isystem /export/users/zhaojiam/pkg/miniconda3/envs/sqllm_xpu/include -I/export/users/zhaojiam/pkg/miniconda3/envs/sqllm_xpu/include -fPIC -O2 -isystem /export/users/zhaojiam/pkg/miniconda3/envs/sqllm_xpu/include -fPIC -I/export/users/zhaojiam/pkg/miniconda3/envs/sqllm_xpu/lib/python3.9/site-packages/torch/include -I/export/users/zhaojiam/pkg/miniconda3/envs/sqllm_xpu/lib/python3.9/site-packages/torch/include/torch/csrc/api/include -I/export/users/zhaojiam/pkg/miniconda3/envs/sqllm_xpu/lib/python3.9/site-packages/torch/include/TH -I/nfs/shm/proj/icl/cmplrarch/deploy_xmain/xmainefi2linux/20240401_160000/build/linux_qa_release/linux/include -I/nfs/shm/proj/icl/cmplrarch/deploy_xmain/xmainefi2linux/20240401_160000/build/linux_qa_release/linux/include/sycl -I/nfs/shm/proj/icl/cmplrarch/comp/onemkl/lin/20240509_cev_rls/include -I/export/users/zhaojiam/pkg/miniconda3/envs/sqllm_xpu/lib/python3.9/site-packages/intel_extension_for_pytorch/include -I/export/users/zhaojiam/pkg/miniconda3/envs/sqllm_xpu/lib/python3.9/site-packages/torch/include -I/export/users/zhaojiam/pkg/miniconda3/envs/sqllm_xpu/lib/python3.9/site-packages/torch/include/torch/csrc/api/include -I/export/users/zhaojiam/pkg/miniconda3/envs/sqllm_xpu/lib/python3.9/site-packages/torch/include/TH -I/nfs/shm/proj/icl/cmplrarch/deploy_xmain/xmainefi2linux/20240401_160000/build/linux_qa_release/linux/include -I/nfs/shm/proj/icl/cmplrarch/deploy_xmain/xmainefi2linux/20240401_160000/build/linux_qa_release/linux/include/sycl -I/nfs/shm/proj/icl/cmplrarch/comp/onemkl/lin/20240509_cev_rls/include -I/export/users/zhaojiam/pkg/miniconda3/envs/sqllm_xpu/lib/python3.9/site-packages/intel_extension_for_pytorch/include -I/export/users/zhaojiam/pkg/miniconda3/envs/sqllm_xpu/include/python3.9 -c -c /export/users/zhaojiam/proj/SqueezeLLM_dev/squeezellm/quant_cuda_kernel.dp.cpp -o /export/users/zhaojiam/proj/SqueezeLLM_dev/squeezellm/build/temp.linux-x86_64-cpython-39/quant_cuda_kernel.dp.o -fsycl -DTORCH_API_INCLUDE_EXTENSION_H '-DPYBIND11_COMPILER_TYPE="_gcc"' '-DPYBIND11_STDLIB="_libstdcpp"' '-DPYBIND11_BUILD_ABI="_cxxabi1016"' -DTORCH_EXTENSION_NAME=quant_cuda -D_GLIBCXX_USE_CXX11_ABI=1 -std=c++17
FAILED: /export/users/zhaojiam/proj/SqueezeLLM_dev/squeezellm/build/temp.linux-x86_64-cpython-39/quant_cuda_kernel.dp.o 
/export/users/zhaojiam/pkg/miniconda3/envs/sqllm_xpu/bin/icpx -MMD -MF /export/users/zhaojiam/proj/SqueezeLLM_dev/squeezellm/build/temp.linux-x86_64-cpython-39/quant_cuda_kernel.dp.o.d -pthread -B /export/users/zhaojiam/pkg/miniconda3/envs/sqllm_xpu/compiler_compat -Wno-unused-result -Wsign-compare -DNDEBUG -O2 -Wall -fPIC -O2 -isystem /export/users/zhaojiam/pkg/miniconda3/envs/sqllm_xpu/include -I/export/users/zhaojiam/pkg/miniconda3/envs/sqllm_xpu/include -fPIC -O2 -isystem /export/users/zhaojiam/pkg/miniconda3/envs/sqllm_xpu/include -fPIC -I/export/users/zhaojiam/pkg/miniconda3/envs/sqllm_xpu/lib/python3.9/site-packages/torch/include -I/export/users/zhaojiam/pkg/miniconda3/envs/sqllm_xpu/lib/python3.9/site-packages/torch/include/torch/csrc/api/include -I/export/users/zhaojiam/pkg/miniconda3/envs/sqllm_xpu/lib/python3.9/site-packages/torch/include/TH -I/nfs/shm/proj/icl/cmplrarch/deploy_xmain/xmainefi2linux/20240401_160000/build/linux_qa_release/linux/include -I/nfs/shm/proj/icl/cmplrarch/deploy_xmain/xmainefi2linux/20240401_160000/build/linux_qa_release/linux/include/sycl -I/nfs/shm/proj/icl/cmplrarch/comp/onemkl/lin/20240509_cev_rls/include -I/export/users/zhaojiam/pkg/miniconda3/envs/sqllm_xpu/lib/python3.9/site-packages/intel_extension_for_pytorch/include -I/export/users/zhaojiam/pkg/miniconda3/envs/sqllm_xpu/lib/python3.9/site-packages/torch/include -I/export/users/zhaojiam/pkg/miniconda3/envs/sqllm_xpu/lib/python3.9/site-packages/torch/include/torch/csrc/api/include -I/export/users/zhaojiam/pkg/miniconda3/envs/sqllm_xpu/lib/python3.9/site-packages/torch/include/TH -I/nfs/shm/proj/icl/cmplrarch/deploy_xmain/xmainefi2linux/20240401_160000/build/linux_qa_release/linux/include -I/nfs/shm/proj/icl/cmplrarch/deploy_xmain/xmainefi2linux/20240401_160000/build/linux_qa_release/linux/include/sycl -I/nfs/shm/proj/icl/cmplrarch/comp/onemkl/lin/20240509_cev_rls/include -I/export/users/zhaojiam/pkg/miniconda3/envs/sqllm_xpu/lib/python3.9/site-packages/intel_extension_for_pytorch/include -I/export/users/zhaojiam/pkg/miniconda3/envs/sqllm_xpu/include/python3.9 -c -c /export/users/zhaojiam/proj/SqueezeLLM_dev/squeezellm/quant_cuda_kernel.dp.cpp -o /export/users/zhaojiam/proj/SqueezeLLM_dev/squeezellm/build/temp.linux-x86_64-cpython-39/quant_cuda_kernel.dp.o -fsycl -DTORCH_API_INCLUDE_EXTENSION_H '-DPYBIND11_COMPILER_TYPE="_gcc"' '-DPYBIND11_STDLIB="_libstdcpp"' '-DPYBIND11_BUILD_ABI="_cxxabi1016"' -DTORCH_EXTENSION_NAME=quant_cuda -D_GLIBCXX_USE_CXX11_ABI=1 -std=c++17
In file included from /export/users/zhaojiam/proj/SqueezeLLM_dev/squeezellm/quant_cuda_kernel.dp.cpp:7:
/export/users/zhaojiam/pkg/miniconda3/envs/sqllm_xpu/lib/python3.9/site-packages/torch/include/c10/cuda/CUDAStream.h:6:10: fatal error: 'cuda_runtime_api.h' file not found
    6 | #include <cuda_runtime_api.h>
      |          ^~~~~~~~~~~~~~~~~~~~
1 error generated.
ninja: build stopped: subcommand failed.
Traceback (most recent call last):
  File "/export/users/zhaojiam/pkg/miniconda3/envs/sqllm_xpu/lib/python3.9/site-packages/intel_extension_for_pytorch/xpu/cpp_extension.py", line 1100, in _run_ninja_build
    subprocess.run(
  File "/export/users/zhaojiam/pkg/miniconda3/envs/sqllm_xpu/lib/python3.9/subprocess.py", line 528, in run
    raise CalledProcessError(retcode, process.args,
subprocess.CalledProcessError: Command '['ninja', '-v']' returned non-zero exit status 1.

The above exception was the direct cause of the following exception:

Traceback (most recent call last):
  File "/export/users/zhaojiam/proj/SqueezeLLM_dev/squeezellm/setup_cuda.py", line 6, in <module>
    setup(
  File "/export/users/zhaojiam/pkg/miniconda3/envs/sqllm_xpu/lib/python3.9/site-packages/setuptools/__init__.py", line 104, in setup
    return distutils.core.setup(**attrs)
  File "/export/users/zhaojiam/pkg/miniconda3/envs/sqllm_xpu/lib/python3.9/site-packages/setuptools/_distutils/core.py", line 184, in setup
    return run_commands(dist)
  File "/export/users/zhaojiam/pkg/miniconda3/envs/sqllm_xpu/lib/python3.9/site-packages/setuptools/_distutils/core.py", line 200, in run_commands
    dist.run_commands()
  File "/export/users/zhaojiam/pkg/miniconda3/envs/sqllm_xpu/lib/python3.9/site-packages/setuptools/_distutils/dist.py", line 969, in run_commands
    self.run_command(cmd)
  File "/export/users/zhaojiam/pkg/miniconda3/envs/sqllm_xpu/lib/python3.9/site-packages/setuptools/dist.py", line 967, in run_command
    super().run_command(command)
  File "/export/users/zhaojiam/pkg/miniconda3/envs/sqllm_xpu/lib/python3.9/site-packages/setuptools/_distutils/dist.py", line 988, in run_command
    cmd_obj.run()
  File "/export/users/zhaojiam/pkg/miniconda3/envs/sqllm_xpu/lib/python3.9/site-packages/setuptools/command/install.py", line 87, in run
    self.do_egg_install()
  File "/export/users/zhaojiam/pkg/miniconda3/envs/sqllm_xpu/lib/python3.9/site-packages/setuptools/command/install.py", line 139, in do_egg_install
    self.run_command('bdist_egg')
  File "/export/users/zhaojiam/pkg/miniconda3/envs/sqllm_xpu/lib/python3.9/site-packages/setuptools/_distutils/cmd.py", line 316, in run_command
    self.distribution.run_command(command)
  File "/export/users/zhaojiam/pkg/miniconda3/envs/sqllm_xpu/lib/python3.9/site-packages/setuptools/dist.py", line 967, in run_command
    super().run_command(command)
  File "/export/users/zhaojiam/pkg/miniconda3/envs/sqllm_xpu/lib/python3.9/site-packages/setuptools/_distutils/dist.py", line 988, in run_command
    cmd_obj.run()
  File "/export/users/zhaojiam/pkg/miniconda3/envs/sqllm_xpu/lib/python3.9/site-packages/setuptools/command/bdist_egg.py", line 167, in run
    cmd = self.call_command('install_lib', warn_dir=0)
  File "/export/users/zhaojiam/pkg/miniconda3/envs/sqllm_xpu/lib/python3.9/site-packages/setuptools/command/bdist_egg.py", line 153, in call_command
    self.run_command(cmdname)
  File "/export/users/zhaojiam/pkg/miniconda3/envs/sqllm_xpu/lib/python3.9/site-packages/setuptools/_distutils/cmd.py", line 316, in run_command
    self.distribution.run_command(command)
  File "/export/users/zhaojiam/pkg/miniconda3/envs/sqllm_xpu/lib/python3.9/site-packages/setuptools/dist.py", line 967, in run_command
    super().run_command(command)
  File "/export/users/zhaojiam/pkg/miniconda3/envs/sqllm_xpu/lib/python3.9/site-packages/setuptools/_distutils/dist.py", line 988, in run_command
    cmd_obj.run()
  File "/export/users/zhaojiam/pkg/miniconda3/envs/sqllm_xpu/lib/python3.9/site-packages/setuptools/command/install_lib.py", line 11, in run
    self.build()
  File "/export/users/zhaojiam/pkg/miniconda3/envs/sqllm_xpu/lib/python3.9/site-packages/setuptools/_distutils/command/install_lib.py", line 110, in build
    self.run_command('build_ext')
  File "/export/users/zhaojiam/pkg/miniconda3/envs/sqllm_xpu/lib/python3.9/site-packages/setuptools/_distutils/cmd.py", line 316, in run_command
    self.distribution.run_command(command)
  File "/export/users/zhaojiam/pkg/miniconda3/envs/sqllm_xpu/lib/python3.9/site-packages/setuptools/dist.py", line 967, in run_command
    super().run_command(command)
  File "/export/users/zhaojiam/pkg/miniconda3/envs/sqllm_xpu/lib/python3.9/site-packages/setuptools/_distutils/dist.py", line 988, in run_command
    cmd_obj.run()
  File "/export/users/zhaojiam/pkg/miniconda3/envs/sqllm_xpu/lib/python3.9/site-packages/setuptools/command/build_ext.py", line 91, in run
    _build_ext.run(self)
  File "/export/users/zhaojiam/pkg/miniconda3/envs/sqllm_xpu/lib/python3.9/site-packages/setuptools/_distutils/command/build_ext.py", line 359, in run
    self.build_extensions()
  File "/export/users/zhaojiam/pkg/miniconda3/envs/sqllm_xpu/lib/python3.9/site-packages/intel_extension_for_pytorch/xpu/cpp_extension.py", line 608, in build_extensions
    build_ext.build_extensions(self)
  File "/export/users/zhaojiam/pkg/miniconda3/envs/sqllm_xpu/lib/python3.9/site-packages/setuptools/_distutils/command/build_ext.py", line 479, in build_extensions
    self._build_extensions_serial()
  File "/export/users/zhaojiam/pkg/miniconda3/envs/sqllm_xpu/lib/python3.9/site-packages/setuptools/_distutils/command/build_ext.py", line 505, in _build_extensions_serial
    self.build_extension(ext)
  File "/export/users/zhaojiam/pkg/miniconda3/envs/sqllm_xpu/lib/python3.9/site-packages/setuptools/command/build_ext.py", line 252, in build_extension
    _build_ext.build_extension(self, ext)
  File "/export/users/zhaojiam/pkg/miniconda3/envs/sqllm_xpu/lib/python3.9/site-packages/setuptools/_distutils/command/build_ext.py", line 560, in build_extension
    objects = self.compiler.compile(
  File "/export/users/zhaojiam/pkg/miniconda3/envs/sqllm_xpu/lib/python3.9/site-packages/intel_extension_for_pytorch/xpu/cpp_extension.py", line 422, in unix_wrap_ninja_compile
    _write_ninja_file_and_compile_objects(
  File "/export/users/zhaojiam/pkg/miniconda3/envs/sqllm_xpu/lib/python3.9/site-packages/intel_extension_for_pytorch/xpu/cpp_extension.py", line 875, in _write_ninja_file_and_compile_objects
    _run_ninja_build(
  File "/export/users/zhaojiam/pkg/miniconda3/envs/sqllm_xpu/lib/python3.9/site-packages/intel_extension_for_pytorch/xpu/cpp_extension.py", line 1117, in _run_ninja_build
    raise RuntimeError(message) from e
RuntimeError: Error compiling objects for extension
